# SESSION_START Sbb92b724 FILE:AddOperator.log PROJECT:Calculator
617948:I:0:\n
665300:I:0:p
665454:I:1:u
665549:I:2:b
665697:I:3:l
665893:I:4:i
665953:I:5:c
666045:I:6: 
666162:I:7:c
666287:I:8:l
666409:I:9:a
666547:I:10:s
666781:I:11:s
666881:I:12: 
667052:I:13:A
667244:I:14:d
667405:I:15:d
667662:I:16:O
667835:I:17:p
667991:I:18:e
668114:I:19:r
668276:I:20:a
668427:I:21:t
668495:I:22:o
668619:I:23:r
668687:I:24: 
668831:I:25:e
669024:I:26:x
669200:I:27:t
669388:I:28:e
669503:I:29:a
669587:I:30:n
669865:D:30:1
670042:D:29:1
670412:I:29:n
670518:I:30:d
670610:I:31:s
670678:I:32: 
671491:I:33:O
671548:I:34:p
671655:I:35:e
671752:I:36:r
671909:I:37:a
672052:I:38:t
672181:I:39:o
672226:I:40:r
674273:I:41:{
674511:I:42:\n
674519:I:43:    
674671:I:47:\n
674676:I:48:    
675380:I:52:@
675592:I:53:O
675826:I:54:V
675982:I:55:e
676120:I:56:r
676262:I:57:r
676399:I:58:i
676598:D:58:1
676768:D:57:1
676927:D:56:1
677086:D:55:1
677241:I:55:v
677268:D:55:1
677553:D:54:1
677693:I:54:v
677859:I:55:e
677963:I:56:r
678476:I:57:r
678587:I:58:i
678705:I:59:d
678790:I:60:e
678889:I:61:\n
678894:I:62:    
680356:I:66:p
680550:I:67:u
680646:I:68:b
680786:I:69:l
680952:I:70:i
681039:I:71:c
681079:I:72: 
681198:I:73:i
681382:I:74:n
681476:I:75:t
681525:I:76: 
683295:I:77:g
683433:I:78:e
683532:I:79:t
687740:I:80:P
687951:I:81:r
688249:I:82:e
688585:I:83:c
688734:I:84:e
689044:I:85:d
689139:I:86:e
689313:I:87:n
689482:I:88:c
689589:I:89:e
689927:I:90:(
691112:I:91:)
692171:I:92:;
695947:D:92:1
696740:I:92:{
696967:I:93:\n
696971:I:94:        
697712:I:102:r
697802:I:103:e
697947:I:104:t
698082:I:105:u
698225:I:106:r
698320:I:107:n
698469:I:108: 
698619:I:109:1
698784:I:110:;
699060:I:111:\n
699065:I:112:        
699571:I:120:}
699581:D:116:4
699908:I:117:\n
699913:I:118:    
700170:I:122:\n
700174:I:123:    
701696:I:127:p
701923:I:128:u
702064:I:129:b
702168:I:130:l
702333:I:131:i
702427:I:132:c
702454:I:133: 
703989:I:134:d
704089:I:135:o
704188:I:136:u
704304:I:137:b
704437:I:138:l
704509:I:139:e
704633:I:140: 
704818:I:141:e
705007:I:142:v
705193:I:143:a
705289:I:144:l
705496:I:145:u
705615:I:146:a
705793:I:147:t
705847:I:148:e
705988:I:149: 
707396:D:149:1
707730:I:149:(
707875:I:150:d
707970:I:151:o
708092:I:152:u
708191:I:153:b
708386:I:154:l
708512:I:155:e
708626:I:156: 
708764:I:157:a
709077:I:158:,
709185:I:159: 
709534:I:160:d
709645:I:161:o
709711:I:162:u
709845:I:163:b
709965:I:164:l
710055:I:165:e
710148:I:166: 
710287:I:167:b
712262:I:168:)
712742:I:169:{
713092:I:170:\n
713098:I:171:        
713347:I:179:r
713443:I:180:e
713536:I:181:t
713638:I:182:u
713768:I:183:r
713864:I:184:n
714043:I:185: 
715101:I:186:a
715397:I:187:+
715696:I:188:b
716059:I:189:;
716560:I:190:\n
716565:I:191:        
717108:I:199:}
717113:D:195:4
727987:I:196:\n
727993:I:197:    
728551:I:201:}
728554:D:197:4
# SESSION_START Sa7d1b999 FILE:AddOperator.log PROJECT:Calculator
2017187:I:61:\
2017577:D:61:1
2018004:I:61:\n
2018010:I:62:    
2018387:I:66:/
2018541:I:67:/
2018678:I:68:a
2018826:I:69:d
2018995:I:70:d
2019129:I:71:i
2019372:I:72:t
2019447:I:73:i
2019521:I:74:o
2019705:I:75:n
2019862:I:76: 
2019935:I:77:a
2020081:I:78:n
2020139:I:79:d
2020215:I:80: 
2020277:I:81:s
2020465:I:82:u
2020615:I:83:b
2020693:I:84:t
2020838:I:85:r
2020944:I:86:a
2021155:I:87:c
2021385:I:88:t
2021468:I:89:i
2021529:I:90:o
2021750:I:91:n
2021861:I:92: 
2022011:I:93:h
2022128:I:94:a
2022228:I:95:v
2022333:I:96:e
2022426:I:97: 
2022574:I:98:p
2022618:I:99:r
2022695:I:100:e
2022932:I:101:c
2023022:I:102:e
2023171:I:103:d
2023277:I:104:e
2023412:I:105:n
2023514:I:106:c
2023572:I:107:e
2023652:I:108: 
2023827:I:109:1
