# SESSION_START Sa7d1b999 FILE:DivOperator.log PROJECT:Calculator
2358476:I:0:\n
2359445:I:0:c
2359555:I:1:l
2359650:I:2:a
2359889:I:3:s
2360092:I:4:s
2360216:I:5: 
2360568:I:6:D
2360716:I:7:i
2360828:I:8:v
2361121:I:9:O
2361189:I:10:p
2361278:I:11:e
2361356:I:12:r
2361527:I:13:a
2361632:I:14:t
2361736:I:15:o
2361863:I:16:r
2362016:I:17: 
2362125:I:18:e
2362319:I:19:x
2362483:I:20:t
2362550:I:21:e
2362723:I:22:n
2362843:I:23:d
2362924:I:24:s
2363416:I:25: 
2364847:I:26:O
2364977:I:27:p
2365099:I:28:e
2365165:I:29:r
2365314:I:30:a
2365416:I:31:t
2365517:I:32:o
2365646:I:33:r
2365941:I:34:{
2366184:I:35:\n
2366188:I:36:    
2368407:I:40:\n
2368413:I:41:    
2368558:I:45:/
2368700:I:46:/
2378505:D:46:1
2378704:D:45:1
2379031:I:45:@
2379200:I:46:o
2379592:I:47:V
2380053:D:47:1
2380225:D:46:1
2381151:I:46:O
2381315:I:47:v
2381490:I:48:v
2381634:I:49:e
2381741:I:50:r
2382052:D:50:1
2382262:D:49:1
2382419:D:48:1
2382501:I:48:e
2382548:I:49:r
2382699:I:50:r
2382926:I:51:r
2383244:D:51:1
2383396:I:51:i
2383672:D:51:1
2384077:I:51:i
2384254:I:52:d
2384333:I:53:e
2384802:I:54:\n
2384807:I:55:    
2385592:I:59:p
2385929:I:60:u
2386166:I:61:b
2386393:D:61:1
2386599:D:60:1
2386804:D:59:1
2387147:I:59:/
2387308:I:60:/
2387647:I:61:t
2387722:I:62:h
2387858:I:63:o
2387960:I:64:s
2388465:D:64:1
2388626:D:63:1
2388715:I:63:i
2388821:I:64:s
2388917:I:65: 
2389060:I:66:m
2389126:I:67:e
2389267:I:68:t
2389345:I:69:h
2389549:I:70:o
2389672:I:71:d
2389749:I:72: 
2404545:I:73:w
2404675:I:74:i
2404945:I:75:l
2405105:I:76:l
2405261:I:77: 
2426559:D:77:1
2427056:D:76:1
2427140:D:75:1
2427226:D:74:1
2427308:D:73:1
2427393:D:72:1
2427477:D:71:1
2427560:D:70:1
2427643:D:69:1
2427724:D:68:1
2427806:D:67:1
2427890:D:66:1
2428098:D:65:1
2428241:D:64:1
2428402:D:63:1
2428577:D:62:1
2428851:D:61:1
2429108:I:61:m
2429245:I:62:u
2429512:I:63:l
2429672:I:64:t
2429809:I:65:i
2429953:I:66:p
2430098:I:67:l
2430332:I:68:i
2430448:I:69:c
2430619:I:70:a
2430791:I:71:t
2430883:I:72:i
2430893:I:73:o
2430896:I:74:p
2431147:I:75:n
2431451:D:75:1
2431628:D:74:1
2431802:I:74:n
2431809:I:75:m
2431920:I:76: 
2432007:I:77:a
2432124:I:78:n
2432302:D:78:1
2432477:D:77:1
2432651:D:76:1
2432889:D:75:1
2433050:I:75: 
2433172:I:76:a
2433338:I:77:n
2433437:I:78:d
2433512:I:79: 
2433643:I:80:f
2433909:D:80:1
2434155:I:80:d
2434376:I:81:v
2434674:D:81:1
2434889:I:81:i
2434977:I:82:v
2435126:I:83:i
2435240:I:84:s
2435336:I:85:i
2435359:I:86:o
2435538:I:87:n
2435654:I:88: 
2435774:I:89:h
2435803:I:90:a
2435953:I:91:v
2436018:I:92:e
2436110:I:93: 
2436169:I:94:a
2436286:I:95: 
2437269:D:95:1
2437461:D:94:1
2437619:I:94:p
2437744:I:95:r
2437780:I:96:e
2437960:I:97:c
2438099:I:98:e
2438270:I:99:d
2438350:I:100:e
2438537:I:101:n
2438628:I:102:c
2438717:I:103:e
2438782:I:104: 
2438846:I:105:o
2438940:I:106:f
2438990:I:107: 
2439514:I:108:2
2440422:I:109:\n
2440428:I:110:        
2441196:D:117:1
2441525:I:117:p
2441918:D:117:1
2442093:D:116:1
2442262:I:116:p
2442543:D:116:1
2442729:D:115:1
2442876:I:115:p
2443001:I:116:u
2443147:I:117:b
2443366:I:118:l
2443630:D:118:1
2443832:D:117:1
2443997:D:116:1
2444196:D:115:1
2444460:D:114:1
2444697:I:114:p
2444874:I:115:u
2445014:I:116:b
2445147:I:117:l
2445338:I:118:i
2445435:I:119:c
2445487:I:120: 
2445663:I:121:i
2445798:I:122:n
2445912:I:123:t
2445951:I:124: 
2446123:I:125:g
2446200:I:126:e
2446825:I:127:t
2447151:I:128:P
2447336:I:129:r
2447352:I:130:e
2447578:I:131:c
2447689:I:132:e
2447994:I:133:d
2448242:I:134:e
2448396:I:135:n
2448498:I:136:c
2448572:I:137:e
2448953:I:138:(
2449247:I:139:_
2449674:D:139:1
2449959:I:139:)
2450260:I:140:{
2450263:I:114:    
2450468:I:145:\n
2450472:I:146:        
2477625:D:117:1
2477845:D:116:1
2478059:D:115:1
2478353:D:114:1
2479499:I:141:\n
2479505:I:142:        
2479728:I:150:e
2479907:I:151:t
2480130:D:151:1
2480353:D:150:1
2480418:I:150:r
2480455:I:151:e
2480590:I:152:t
2480702:I:153:u
2480839:I:154:r
2480939:I:155:n
2481079:I:156: 
2481175:I:157:2
2481387:I:158:;
2481824:I:159:\
2482244:D:159:1
2482525:I:159:\n
2482531:I:160:        
2482857:I:168:}
2482862:D:164:4
2483524:I:165:\n
2483530:I:166:    
2483832:I:170:\n
2483837:I:171:    
2484258:I:175:/
2484440:I:176:/
2485262:I:177:e
2485481:I:178:v
2485689:I:179:a
2485769:I:180:l
2485979:I:181:u
2486056:I:182:a
2486240:I:183:t
2486298:I:184:e
2486394:I:185: 
2486507:I:186:m
2486549:I:187:e
2486714:I:188:t
2486800:I:189:h
2486928:I:190:o
2487044:I:191:d
2487153:I:192: 
2487593:D:192:1
2490086:I:192: 
2491061:I:193:t
2491382:D:193:1
2491535:I:193:f
2491781:D:193:1
2492285:D:192:1
2492728:I:192: 
2493220:I:193:t
2493335:I:194:o
2493385:I:195: 
2493514:I:196:d
2493660:I:197:i
2493801:I:198:c
2493900:I:199:i
2494220:D:199:1
2494385:D:198:1
2494535:I:198:v
2494642:I:199:i
2494779:I:200:d
2494813:I:201:e
2494901:I:202: 
2495020:I:203:t
2495103:I:204:h
2495144:I:205:e
2495242:I:206: 
2495434:I:207:e
2495575:I:208:n
2495617:I:209:t
2495718:I:210:e
2495839:I:211:r
2495921:I:212:e
2496552:I:213:d
2496707:I:214: 
2496794:I:215:i
2496952:I:216:n
2497161:I:217:p
2497344:I:218:u
2497440:I:219:t
2497802:I:220:s
2498097:I:221:\n
2498103:I:222:    
2499288:I:226:p
2499812:I:227:u
2500007:I:228:b
2500094:I:229:l
2500299:I:230:i
2500433:I:231:c
2500589:I:232: 
2500889:I:233:i
2501023:I:234:n
2501152:I:235:t
2501260:I:236: 
2501408:I:237:g
2501515:I:238:e
2501624:I:239:t
2502973:D:239:1
2503198:D:238:1
2503383:D:237:1
2503542:I:237:e
2504124:D:237:1
2504647:I:237:e
2504858:I:238:v
2505149:I:239:a
2505247:I:240:l
2505484:I:241:u
2505565:I:242:a
2505743:I:243:t
2505800:I:244:e
2506040:I:245:(
2506801:I:246:d
2506920:I:247:o
2507027:I:248:u
2507134:I:249:b
2507284:I:250:l
2507370:I:251:e
2507510:I:252: 
2507790:I:253:a
2507928:I:254:,
2508026:I:255: 
2508464:I:256:d
2508573:I:257:o
2508668:I:258:u
2508784:I:259:b
2508922:I:260:l
2509012:I:261:e
2509104:I:262: 
2509239:I:263:b
2509584:I:264:)
2509998:I:265:{
2510261:I:266:\n
2510264:I:267:        
2511638:I:275:r
2511722:I:276:e
2511835:I:277:t
2511913:I:278:u
2512064:I:279:r
2512164:I:280:n
2512535:I:281: 
2512693:I:282:a
2513340:I:283:b
2513676:D:283:1
2514243:I:283:/
2514380:I:284:b
2514525:I:285:;
2514979:I:286:\n
2514983:I:287:        
2515335:I:295:}
2515341:D:291:4
2515624:I:292:\n
2515629:I:293:    
5382295:I:292:\n
5382303:I:293:    
5382741:I:297:}
5382746:D:293:4
5418092:I:0:p
5419094:I:1:u
5419361:I:2:b
5419463:I:3:l
5419674:I:4:i
5419801:I:5:c
5419878:I:6: 
5487446:D:242:1
5487604:D:241:1
5487768:D:240:1
5488398:I:240:d
5488468:I:241:o
5488565:I:242:u
5488668:I:243:b
5488809:I:244:l
5488915:I:245:e
