# SESSION_START Sa7d1b999 FILE:EqualsOperator.log PROJECT:Calculator
2981563:I:0:\n
2982202:I:0:c
2982328:I:1:l
2982417:I:2:a
2982554:I:3:s
2982677:I:4:s
2982814:I:5: 
2983209:I:6:E
2983341:I:7:q
2983507:I:8:u
2983655:I:9:a
2983847:D:9:1
2984021:D:8:1
2984173:D:7:1
2984343:D:6:1
2984505:D:5:1
2984667:D:4:1
2984838:D:3:1
2984958:D:2:1
2985144:D:1:1
2985340:D:0:1
2985488:I:0:p
2985614:I:1:u
2985733:I:2:b
2985902:I:3:l
2986041:I:4:c
2986127:I:5:i
2986228:I:6: 
2986385:I:7:c
2986510:I:8:l
2986591:I:9:a
2986786:D:9:1
2986990:D:8:1
2987275:D:7:1
2987466:D:6:1
2987612:D:5:1
2987814:D:4:1
2987913:I:4:i
2988072:I:5:c
2988159:I:6: 
2988282:I:7:c
2988404:I:8:l
2988516:I:9:a
2988630:I:10:s
2988781:I:11:s
2988856:I:12: 
2989045:I:13:E
2989143:I:14:q
2989252:I:15:u
2989373:I:16:a
2989495:I:17:l
2989593:I:18:s
2989811:I:19:O
2989876:I:20:P
2989995:I:21:e
2990091:I:22:r
2990243:I:23:a
2990385:I:24:t
2990529:D:24:1
2990690:D:23:1
2990862:D:22:1
2991044:D:21:1
2991207:D:20:1
2991394:I:20:p
2991514:I:21:e
2991666:I:22:r
2991781:I:23:a
2991940:I:24:t
2992034:I:25:o
2992171:I:26:r
2992280:I:27: 
2992464:I:28:e
2992675:I:29:x
2992862:I:30:t
2992968:I:31:e
2993109:I:32:n
2993161:I:33:d
2993269:I:34:s
2993318:I:35: 
2993538:I:36:O
2993595:I:37:P
2993684:I:38:e
2993779:I:39:r
2993938:I:40:a
2994177:D:40:1
2994375:D:39:1
2994543:D:38:1
2994728:D:37:1
2994794:I:37:p
2994844:I:38:e
2994915:I:39:r
2995055:I:40:a
2995191:I:41:t
2995277:I:42:o
2995403:I:43:r
2995990:I:44:{
2996221:I:45:\n
2996225:I:46:    
3000389:I:50:\n
3000396:I:51:    
3004460:I:55:/
3004685:I:56:/
3005329:I:57:g
3005762:I:58:e
3005924:I:59:t
3006042:I:60: 
3006217:I:61:p
3006314:I:62:r
3006381:I:63:e
3006605:I:64:c
3006683:I:65:e
3007067:I:66:d
3007179:I:67:e
3007477:I:68:n
3007579:I:69:c
3007697:I:70:e
3007955:I:71:\n
3007959:I:72:    
3008692:I:76:i
3008830:I:77:n
3008957:I:78:t
3011573:D:78:1
3011798:D:77:1
3011979:D:76:1
3012154:I:76:p
3012342:I:77:u
3012467:I:78:b
3012594:I:79:l
3012806:I:80:i
3012914:I:81:c
3012973:I:82: 
3013111:I:83:i
3013246:I:84:n
3013367:I:85:t
3013445:I:86: 
3013581:I:87:g
3013687:I:88:e
3013790:I:89:t
3014104:I:90:P
3014247:I:91:r
3014284:I:92:e
3014480:I:93:c
3014582:I:94:e
3014768:I:95:d
3014837:I:96:e
3015010:I:97:n
3015102:I:98:c
3015172:I:99:e
3015413:I:100:(
3015911:I:101:)
3016523:I:102:{
3020530:I:103:\n
3020538:I:104:        
3022091:I:112:}
3022097:D:108:4
3023673:D:70:1
3023835:D:69:1
3023966:D:68:1
3024129:D:67:1
3024307:D:66:1
3024485:D:65:1
3024638:D:64:1
3024811:D:63:1
3024980:D:62:1
3025143:D:61:1
3025306:D:60:1
3025490:D:59:1
3025675:D:58:1
3025874:D:57:1
3026021:I:57:a
3026114:I:58:s
3026181:I:59: 
3026526:I:60:m
3026651:I:61:e
3026785:I:62:n
3026953:I:63:t
3027121:I:64:i
3027207:I:65:o
3027388:I:66:n
3027509:I:67:e
3027577:I:68:d
3027633:I:69: 
3027741:I:70:i
3027910:I:71:n
3028009:I:72: 
3028104:I:73:c
3028230:I:74:l
3028310:I:75:a
3028438:I:76:s
3028592:I:77:s
3028953:I:78:,
3029086:I:79: 
3029600:I:80:e
3029727:I:81:q
3029898:I:82:u
3029996:I:83:a
3030140:I:84:l
3030268:I:85:s
3030555:I:86: 
3030892:I:87:h
3030970:I:88:a
3031040:I:89:s
3031138:I:90: 
3031263:I:91:t
3031351:I:92:h
3031388:I:93:e
3031521:I:94: 
3031665:I:95:l
3031815:I:96:o
3031891:I:97:w
3031978:I:98:e
3032161:I:99:r
3032471:I:100:t
3033006:D:100:1
3033265:D:99:1
3033381:I:99:s
3033475:I:100:t
3033928:I:101: 
3034370:I:102:p
3034493:I:103:r
3034565:I:104:e
3034785:I:105:c
3034860:I:106:e
3035221:I:107:d
3035296:I:108:e
3035536:I:109:n
3035621:I:110:c
3035692:I:111:e
3035771:I:112: 
3036090:I:113:o
3036251:I:114:f
3036343:I:115: 
3036503:I:116:a
3036603:I:117:l
3036759:I:118:l
3036838:I:119: 
3036927:I:120:t
3037044:I:121:h
3037087:I:122:e
3037173:I:123: 
3037294:I:124:o
3037363:I:125:p
3037426:I:126:e
3037550:I:127:r
3037715:I:128:a
3037868:I:129:t
3037950:I:130:o
3038084:I:131:r
3038186:I:132:s
3040037:I:165:\n
3040046:I:166:        
3040134:I:174:r
3040215:I:175:e
3040325:I:176:t
3040483:I:177:u
3040602:I:178:r
3040734:I:179:n
3040811:I:180: 
3041022:I:181:-
3041316:I:182:;
3041543:D:182:1
3041754:D:181:1
3042175:I:181:-
3042792:D:181:1
3042960:I:181:0
3043183:I:182:;
3044677:I:133:s
3044750:I:134: 
3045008:D:134:1
3045195:D:133:1
3045270:I:133: 
3045390:I:134:s
3045548:I:135:i
3045638:I:136:n
3045746:I:137:c
3045842:I:138:e
3045884:I:139: 
3045978:I:140:i
3046102:I:141:t
3046137:I:142: 
3046481:I:143:i
3046586:I:144:s
3046657:I:145: 
3046774:I:146:t
3046846:I:147:h
3046958:I:148:e
3047023:I:149: 
3047131:I:150:l
3047216:I:151:a
3047370:I:152:s
3047489:I:153:t
3047540:I:154: 
3047668:I:155:o
3047762:I:156:p
3047826:I:157:e
3047934:I:158:r
3048098:I:159:a
3048238:I:160:t
3048330:I:161:o
3048450:I:162:r
3048546:I:163: 
3048751:I:164:w
3048991:I:165:e
3049105:I:166: 
3049242:I:167:w
3049440:I:168:i
3049666:I:169:l
3049831:I:170:l
3049875:I:171: 
3050024:I:172:w
3050116:I:173:o
3050264:I:174:r
3050348:I:175:k
3050781:D:175:1
3050952:D:174:1
3051133:D:173:1
3051308:D:172:1
3051508:I:172:b
3051622:I:173:e
3051699:I:174: 
3051820:I:175:e
3052003:I:176:v
3052201:I:177:a
3052307:I:178:l
3052536:I:179:u
3052648:I:180:a
3052806:I:181:t
3052918:I:182:i
3053027:I:183:n
3053107:I:184:g
3055088:I:241:\n
3055093:I:242:    
3055344:I:246:\n
3055350:I:247:    
3058486:I:251:p
3058593:I:252:p
3059090:D:252:1
3059312:I:252:u
3059469:I:253:b
3059566:I:254:l
3059767:I:255:i
3059885:I:256:c
3059907:I:257: 
3060493:I:258:i
3060866:D:258:1
3060977:I:258:d
3061122:I:259:o
3061299:I:260:b
3061825:D:260:1
3064042:D:259:1
3064868:I:259:o
3065058:I:260:u
3065250:I:261:b
3065373:I:262:l
3065485:I:263:e
3065548:I:264: 
3091961:I:265:e
3092421:I:266:v
3092606:I:267:a
3092702:I:268:l
3092914:I:269:i
3093033:I:270:a
3093221:I:271:t
3093422:D:271:1
3093615:D:270:1
3093768:D:269:1
3094248:I:269:u
3094318:I:270:a
3094499:I:271:t
3094552:I:272:e
3095238:I:273:(
3095413:I:274:d
3095542:I:275:o
3095611:I:276:u
3095752:I:277:b
3095895:I:278:l
3096020:I:279:e
3096130:I:280: 
3096297:I:281:a
3096446:I:282:,
3096552:I:283: 
3096722:I:284:d
3096810:I:285:o
3096924:I:286:u
3097035:I:287:b
3097180:I:288:l
3097276:I:289:e
3097399:I:290: 
3097543:I:291:b
3097919:I:292:)
3098241:I:293:{
3098550:I:294:\
3098612:I:295:\n
3098615:I:296:        
3111418:I:246:\n
3111430:I:247:    
3111788:I:251:/
3111967:I:252:/
3112142:I:253:t
3112267:I:254:h
3112405:I:255:r
3112533:I:256:o
3112617:I:257:w
3112718:I:258: 
3115083:I:259:e
3115275:I:260:x
3115733:I:261:c
3115869:I:262:e
3116001:I:263:p
3116173:I:264:t
3116286:I:265:i
3116378:I:266:o
3116559:I:267:n
3178599:D:267:1
3178697:D:266:1
3178929:D:265:1
3179082:D:264:1
3179246:D:263:1
3179412:D:262:1
3179594:D:261:1
3179771:D:260:1
3180317:D:259:1
3180391:I:259:e
3180624:I:260:x
3180740:I:261:c
3180902:I:262:e
3181101:I:263:p
3181300:I:264:t
3181419:I:265:i
3181494:I:266:o
3181698:I:267:n
3183226:D:267:1
3183408:D:266:1
3183563:D:265:1
3183729:D:264:1
3183892:D:263:1
3184046:D:262:1
3184233:D:261:1
3184419:D:260:1
3184587:D:259:1
3184943:I:259:U
3185048:I:260:n
3185194:I:261:s
3185343:I:262:o
3185720:D:262:1
3185905:I:262:u
3186102:I:263:p
3186272:I:264:p
3186346:I:265:o
3186451:I:266:r
3186603:I:267:t
3186696:I:268:e
3186846:I:269:d
3187108:I:270:O
3187219:I:271:p
3187251:I:272:e
3187355:I:273:r
3187531:I:274:a
3187675:I:275:t
3187777:I:276:i
3187870:I:277:o
3188062:I:278:n
3188155:I:279: 
3188537:D:279:1
3189073:I:279:E
3189287:I:280:x
3189465:I:281:c
3189550:I:282:e
3189697:I:283:p
3189799:I:284:t
3189909:I:285:i
3189986:I:286:o
3190203:I:287:n
3230926:D:336:1
3231072:D:335:1
3232395:I:335:{
3232641:I:336:\n
3232647:I:337:        
3232968:I:345:t
3233090:I:346:h
3233230:I:347:r
3233378:I:348:o
3233496:I:349:w
3233587:I:350: 
3233789:I:351:n
3233858:I:352:e
3233919:I:353:w
3233991:I:354: 
3234322:I:355:U
3234523:I:356:n
3234660:I:357:s
3235086:I:358:u
3235304:I:359:p
3235461:I:360:p
3235555:I:361:o
3235680:I:362:e
3236217:D:362:1
3236407:I:362:r
3236592:I:363:t
3236708:I:364:e
3236844:I:365:d
3237119:I:366:O
3237241:I:367:p
3237362:I:368:e
3237431:I:369:r
3237620:I:370:a
3237798:I:371:t
3237887:I:372:i
3237968:I:373:o
3238184:I:374:n
3238378:I:375:E
3238652:I:376:x
3238882:I:377:c
3239005:I:378:e
3239165:I:379:p
3239264:I:380:t
3239389:I:381:i
3239464:I:382:o
3239640:I:383:n
3241391:I:384:(
3242663:D:384:1
3243206:I:384:;
3244384:I:385:\n
3244389:I:386:        
3245342:I:394:}
3245348:D:390:4
3246319:I:391:\n
3246324:I:392:    
3249834:I:396:{
3250332:D:396:1
3250594:I:396:}
3250599:D:392:4
3251065:I:393:\n
5391530:I:384:(
5392048:I:385:)
