# SESSION_START Sa7d1b999 FILE:ExpOperator.log PROJECT:Calculator
2524451:I:0:\n
2525733:I:0:c
2525840:I:1:l
2525945:I:2:a
2526125:I:3:s
2526271:I:4:s
2526378:I:5: 
2526522:I:6:E
2526705:I:7:c
2526830:I:8:p
2527180:D:8:1
2527381:D:7:1
2527489:I:7:x
2527658:I:8:p
2528248:I:9:O
2529010:I:10:p
2529127:I:11:e
2529193:I:12:r
2529358:I:13:a
2529516:I:14:t
2529613:I:15:o
2529731:I:16:r
2529846:I:17: 
2529962:I:18:e
2530237:I:19:x
2530455:I:20:t
2530855:I:21:e
2530983:I:22:n
2531097:I:23:d
2531169:I:24:s
2531284:I:25: 
2531791:I:26:O
2531893:I:27:p
2532003:I:28:e
2532099:I:29:r
2532235:I:30:a
2532391:I:31:t
2532476:I:32:o
2532596:I:33:r
2533161:I:34:{
2533403:I:35:\n
2533409:I:36:    
2534558:I:40:\n
2534563:I:41:    
2534834:I:45:/
2534991:I:46:/
2535263:D:46:1
2535421:D:45:1
2536227:I:45:@
2536453:I:46:o
2536715:I:47:V
2536952:I:48:e
2537284:D:48:1
2537457:D:47:1
2537651:I:47:O
2537925:D:47:1
2538081:D:46:1
2538329:I:46:O
2538583:I:47:v
2538780:I:48:e
2538961:I:49:r
2539131:I:50:r
2539261:I:51:i
2539362:I:52:d
2539398:I:53:e
2539609:I:54:\n
2539614:I:55:    
2540728:I:59:/
2540904:I:60:/
2541329:I:61:h
2541627:D:61:1
2541812:I:61:T
2541880:I:62:H
2542150:I:63:s
2542386:D:63:1
2542550:D:62:1
2542720:I:62:h
2542873:I:63:i
2543017:I:64:s
2543084:I:65: 
2543224:I:66:m
2543289:I:67:e
2543476:I:68:t
2543642:I:69:t
2543867:I:70:h
2544160:D:70:1
2544337:D:69:1
2544433:I:69:h
2544543:I:70:o
2544698:I:71:d
2544790:I:72: 
2544873:I:73:w
2544979:I:74:i
2545191:I:75:l
2545369:I:76:l
2545431:I:77: 
2564521:I:78:e
2565048:D:78:1
2566475:D:77:1
2566976:D:76:1
2567057:D:75:1
2567141:D:74:1
2567226:D:73:1
2567310:D:72:1
2567394:D:71:1
2567482:D:70:1
2567562:D:69:1
2567644:D:68:1
2567731:D:67:1
2567859:D:66:1
2568040:D:65:1
2598614:D:64:1
2598780:D:63:1
2598942:D:62:1
2599094:D:61:1
2599210:I:61:E
2599429:I:62:x
2599514:I:63:p
2599649:I:64:o
2599778:I:65:e
2599943:I:66:n
2600114:I:67:e
2600234:I:68:n
2600516:D:68:1
2600687:D:67:1
2600863:D:66:1
2601246:D:65:1
2601536:I:65:n
2601656:I:66:e
2601762:I:67:n
2601937:I:68:t
2602057:I:69: 
2602167:I:70:h
2602254:I:71:a
2602341:I:72:s
2602375:I:73: 
2602494:I:74:a
2602586:I:75: 
2602743:I:76:p
2602863:I:77:e
2603053:I:78:e
2603280:D:78:1
2603453:D:77:1
2603524:I:77:r
2603563:I:78:e
2603759:I:79:c
2603863:I:80:e
2604066:I:81:d
2604169:I:82:e
2604375:I:83:n
2604497:I:84:c
2604604:I:85:e
2604648:I:86: 
2604743:I:87:l
2604881:I:88:e
2605096:I:89:v
2605230:I:90:e
2605342:I:91:l
2605434:I:92: 
2605588:I:93:o
2605743:I:94: 
2606146:I:95:f
2606174:D:95:1
2606519:I:95:f
2606579:D:95:1
2606827:D:94:1
2606940:I:94:f
2607080:I:95:3
2607529:D:95:1
2607621:I:95: 
2607735:I:96:3
2607871:I:97:\n
2607877:I:98:        
2608648:D:105:1
2609016:I:105:p
2609270:I:106:u
2609465:D:106:1
2609664:D:105:1
2609803:D:104:1
2610077:D:103:1
2610296:D:102:1
2610534:I:102:p
2610692:I:103:u
2610846:I:104:b
2610959:I:105:l
2611147:I:106:i
2611247:I:107:c
2611288:I:108: 
2611408:I:109:i
2611527:I:110:n
2611647:I:111:t
2611753:I:112: 
2612798:I:113:g
2612882:I:114:e
2613005:I:115:t
2613402:I:116:P
2613660:I:117:r
2613723:I:118:e
2613928:I:119:c
2614048:I:120:e
2614206:I:121:d
2614626:I:122:e
2614816:I:123:n
2614924:I:124:c
2615001:I:125:e
2615263:I:126:)
2615694:D:126:1
2615932:I:126:(
2616225:I:127:)
2616575:I:128:{
2616581:I:102:    
2616895:I:133:\n
2616901:I:134:        
2617305:I:142:\n
2617310:I:143:        
2618691:I:142:r
2619112:D:142:1
2620610:I:142:r
2620652:I:143:e
2620870:I:144:t
2621224:D:144:1
2621406:D:143:1
2621587:D:142:1
2623342:I:142:}
2623348:D:138:4
2624472:I:138:\n
2624477:I:139:    
2625003:I:138:    
2625552:I:142:r
2625636:I:143:e
2625861:I:144:t
2625995:I:145:i
2626140:I:146:r
2626257:I:147:n
2626357:I:148: 
2626573:I:149:2
2626831:D:149:1
2627007:D:148:1
2627166:D:147:1
2627335:D:146:1
2627481:D:145:1
2628035:I:145:u
2628195:I:146:r
2628310:I:147:n
2628926:I:148: 
2629029:I:149:2
2629136:I:150:l
2629684:D:150:1
2629853:D:149:1
2629990:I:149:2
2630317:D:149:1
2630478:I:149:3
2630804:I:150:;
2633147:D:105:1
2633486:D:104:1
2633667:D:103:1
2634363:D:102:1
2636115:I:162:\n
2636120:I:163:    
2637123:I:167:/
2637268:I:168:/
2638281:I:169:t
2638363:I:170:h
2638460:I:171:i
2638580:I:172:s
2638667:I:173: 
2638782:I:174:m
2638839:I:175:e
2638999:I:176:t
2639073:I:177:h
2639255:I:178:o
2639358:I:179:d
2639457:I:180: 
2639556:I:181:w
2639650:I:182:i
2639856:I:183:l
2640030:I:184:l
2640132:I:185: 
2640202:I:186:e
2640419:I:187:v
2640566:I:188:a
2640666:I:189:l
2640934:I:190:u
2641038:I:191:a
2641231:I:192:t
2641311:I:193:e
2641401:I:194: 
2641549:I:195:t
2641649:I:196:h
2641763:I:197:e
2641806:I:198: 
2641997:I:199:f
2642096:I:200:i
2642348:I:201:v
2642652:D:201:1
2642843:D:200:1
2643015:D:199:1
2643110:I:199:g
2643213:I:200:i
2643756:D:200:1
2643959:D:199:1
2644059:I:199:e
2644176:I:200:n
2644273:I:201:t
2644355:I:202:e
2644483:I:203:r
2644608:I:204:e
2644759:I:205:d
2644863:I:206: 
2644994:I:207:i
2645178:I:208:n
2645379:I:209:p
2645499:I:210:u
2645594:I:211:t
2645690:I:212:s
2645852:I:213:\n
2645855:I:214:    
2646625:I:218:p
2646852:I:219:u
2646959:I:220:b
2647094:I:221:l
2647301:I:222:i
2647395:I:223:c
2647452:I:224: 
2647645:I:225:d
2647763:I:226:o
2647836:I:227:u
2648007:I:228:b
2648123:I:229:l
2648215:I:230:e
2648734:I:231: 
2649278:I:232:e
2649484:I:233:v
2649657:I:234:a
2649742:I:235:l
2649962:I:236:u
2650022:I:237:a
2650207:I:238:t
2650295:I:239:e
2650457:I:240:(
2651245:I:241:d
2651345:I:242:o
2651439:I:243:u
2651576:I:244:b
2651715:I:245:l
2651848:I:246:a
2652039:I:247:e
2652160:I:248: 
2652263:I:249:a
2653317:I:250:.
2653457:I:251: 
2653609:I:252:d
2653733:I:253:o
2653854:I:254:u
2653983:I:255:b
2654134:I:256:l
2654225:I:257:e
2654425:I:258: 
2654690:I:259:2
2655218:D:259:1
2655488:I:259:b
2657291:D:250:1
2657806:I:250:,
2660857:I:260:)
2661178:I:261:{
2661464:I:262:\n
2661468:I:263:        
2663487:I:271:r
2663579:I:272:e
2663704:I:273:t
2663840:I:274:u
2663949:I:275:r
2664122:I:276:n
2664277:I:277: 
2664598:I:278:a
2665269:I:279:^
2665527:I:280:b
2665918:I:281:;
2666339:I:282:\n
2666343:I:283:        
2666979:I:291:}
2666985:D:287:4
2667360:I:288:\n
2667367:I:289:    
2681766:D:280:1
2681993:D:279:1
2682183:D:278:1
2682611:I:278:M
2682891:I:279:a
2683117:I:280:t
2683228:I:281:h
2683731:I:282:.
2684034:I:283:p
2684119:I:284:o
2684277:I:285:w
2685320:I:286:(
2685462:I:287:a
2686472:I:288:,
2686607:I:289:b
2687091:I:290:)
5394973:I:298:\n
5394979:I:299:    
5395255:I:303:}
5395260:D:299:4
5517884:D:246:1
