# SESSION_START Sa7d1b999 FILE:LeftParenOperator.log PROJECT:Calculator
3268168:I:0:\n
3268962:I:0:p
3269194:I:1:u
3269331:I:2:b
3269426:I:3:l
3269601:I:4:i
3269702:I:5: 
3269726:I:6:c
3269891:I:7:c
3269983:I:8:l
3270086:I:9:a
3270228:D:9:1
3270401:D:8:1
3270569:D:7:1
3270878:D:6:1
3271049:D:5:1
3271184:I:5:c
3271264:I:6: 
3271380:I:7:c
3271485:I:8:l
3271594:I:9:a
3271695:I:10:s
3271846:I:11:s
3271961:I:12: 
3272133:I:13:L
3272263:I:14:e
3272447:I:15:f
3272639:I:16:t
3272949:I:17:P
3273032:I:18:a
3273226:I:19:r
3273724:I:20:e
3273882:I:21:n
3274199:I:22:O
3274676:I:23:p
3274806:I:24:e
3274920:I:25:r
3275251:I:26:a
3275457:I:27:t
3275569:I:28:i
3275898:D:28:1
3276074:I:28:o
3276195:I:29:r
3276574:I:30: 
3276721:I:31:e
3276927:I:32:x
3277110:I:33:t
3277186:I:34:e
3277353:I:35:n
3277432:I:36:d
3277511:I:37:s
3277596:I:38: 
3277838:I:39:O
3277939:I:40:p
3277972:I:41:e
3278074:I:42:r
3278231:I:43:a
3278407:I:44:t
3278713:I:45:o
3278849:I:46:r
3279203:I:47:{
3279455:I:48:\n
3279459:I:49:    
3281590:I:53:\n
3281594:I:54:    
3285022:I:58:/
3285199:I:59:/
3285353:I:60:g
3285679:D:60:1
3286020:D:59:1
3286219:D:58:1
3287017:I:58:p
3287222:I:59:u
3287436:I:60:b
3287508:I:61:l
3287717:I:62:i
3287840:I:63:c
3287937:I:64: 
3288119:I:65:i
3288277:I:66:n
3288418:I:67:t
3288487:I:68: 
3288796:I:69:e
3289054:D:69:1
3289154:I:69:g
3289267:I:70:e
3289379:I:71:t
3289770:I:72:P
3289974:I:73:r
3290108:I:74:e
3290279:I:75:c
3290423:I:76:e
3290553:I:77:d
3290671:I:78:e
3290919:I:79:n
3291068:I:80:c
3291172:I:81:e
3292206:I:82:(
3292989:I:83:)
3312319:I:84:{
3312604:I:85:\n
3312609:I:86:        
3312982:I:94:/
3313177:I:95:/
3314159:I:96:o
3314548:D:96:1
3314747:I:96:i
3314865:I:97:t
3314924:I:98: 
3315086:I:99:h
3315173:I:100:a
3315245:I:101:s
3315297:I:102: 
3315465:I:103:t
3315551:I:104:h
3315604:I:105:e
3315680:I:106: 
3315820:I:107:l
3316028:I:108:o
3316173:I:109:e
3316547:D:109:1
3316991:I:109:q
3317300:D:109:1
3317406:I:109:w
3317502:I:110:e
3317819:I:111:s
3317964:I:112:t
3318077:I:113: 
3318264:I:114:p
3318475:I:115:r
3318532:I:116:e
3318723:I:117:c
3318829:I:118:e
3319514:I:119:d
3319563:I:120:e
3319717:I:121:n
3319817:I:122:c
3319926:I:123:e
3319995:I:124: 
3320164:I:125:a
3320225:I:126:s
3320344:I:127: 
3320515:I:128:w
3320546:I:129:e
3320668:I:130:l
3320918:I:131:l
3320973:I:132: 
3321607:I:133:s
3321742:I:134:o
3321873:I:135: 
3322011:I:136:t
3322118:I:137:h
3322197:I:138:a
3322350:I:139:t
3322392:I:140: 
3322538:I:141:n
3322749:I:142:o
3322895:I:143:t
3323001:I:144:h
3323090:I:145:i
3323246:I:146:n
3323333:I:147:g
3323409:I:148: 
3323553:I:149:h
3323635:I:150:a
3323801:I:151:p
3323946:I:152:p
3324082:I:153:e
3324239:I:154:n
3324599:I:155:s
3324756:I:156: 
3325104:I:157:u
3325270:I:158:n
3325410:I:159:t
3325657:I:160:i
3325880:I:161:l
3325976:I:162: 
3326085:I:163:t
3326183:I:164:h
3326240:I:165:e
3326340:I:166: 
3326416:I:167:r
3326534:I:168:i
3326641:I:169:g
3326776:I:170:h
3326823:I:171:t
3327150:I:172: 
3327332:I:173:p
3327665:I:174:a
3327817:I:175:r
3327921:I:176:e
3328122:I:177:n
3328299:I:178:t
3328446:I:179:h
3328584:I:180:e
3328781:I:181:s
3328955:I:182:i
3329065:I:183:s
3329170:I:184: 
3329481:I:185:c
3329572:I:186:o
3329726:I:187:m
3329822:I:188:e
3329987:I:189:s
3330008:I:190: 
3330169:I:191:u
3330366:I:192:p
3330619:I:193:\n
3330624:I:194:        
3331483:I:202:r
3331577:I:203:e
3331699:I:204:t
3331800:I:205:u
3331910:I:206:r
3331994:I:207:n
3332093:I:208: 
3332591:I:209:0
3333228:I:210:;
3333495:I:211:\n
3333499:I:212:        
3334327:I:220:}
3334332:D:216:4
3334589:I:217:\n
3334594:I:218:    
3334865:I:222:\n
3334870:I:223:    
3335648:I:227:p
3335886:I:228:u
3336113:I:229:l
3336590:D:229:1
3337214:I:229:n
3337501:D:229:1
3337641:I:229:b
3337747:I:230:l
3337932:I:231:i
3338035:I:232:c
3338090:I:233: 
3338271:I:234:f
3338280:I:235:d
3338330:I:236:o
3338446:I:237:u
3338743:D:237:1
3338940:D:236:1
3339126:D:235:1
3339279:D:234:1
3339372:I:234:d
3339498:I:235:o
3339559:I:236:u
3339692:I:237:b
3339837:I:238:l
3339956:I:239:e
3340017:I:240: 
3340191:I:241:e
3340490:I:242:v
3340696:I:243:a
3341017:I:244:u
3341309:D:244:1
3341530:I:244:l
3341779:I:245:u
3341842:I:246:a
3342055:I:247:t
3342137:I:248:e
3344205:I:249:(
3344523:I:250:d
3344642:I:251:o
3344740:I:252:u
3344845:I:253:b
3344973:I:254:l
3345085:I:255:e
3345193:I:256: 
3345327:I:257:a
3345441:I:258:,
3345550:I:259: 
3345898:I:260:o
3346173:D:260:1
3346309:I:260:d
3346420:I:261:o
3346549:I:262:u
3346614:I:263:b
3346749:I:264:l
3346844:I:265:e
3346929:I:266: 
3347053:I:267:b
3347563:I:268:)
3347891:I:269:{
3348191:I:270:\n
3348197:I:271:        
3351131:I:279:t
3351266:I:280:h
3351545:I:281:w
3351866:D:281:1
3352159:I:281:r
3352260:I:282:o
3352367:I:283:w
3352474:I:284: 
3352665:I:285:n
3352716:I:286:e
3352794:I:287:w
3352859:I:288: 
3353343:I:289:U
3353511:I:290:n
3353765:I:291:S
3354483:D:291:1
3354853:I:291:s
3354939:I:292:u
3355112:I:293:p
3355440:I:294:p
3355609:I:295:o
3355750:I:296:r
3355880:I:297:t
3355985:I:298:e
3356139:I:299:d
3357805:I:300:O
3357909:I:301:p
3357969:I:302:e
3358083:I:303:r
3358241:I:304:a
3358412:I:305:t
3358567:I:306:i
3358664:I:307:o
3358838:I:308:n
3359093:I:309:E
3359348:I:310:x
3359543:I:311:c
3359677:I:312:e
3359816:I:313:p
3359935:I:314:t
3360061:I:315:i
3360181:I:316:o
3360341:I:317:n
3360989:I:318:;
3361736:I:319:\n
3361739:I:320:        
3362029:I:328:}
3362034:D:324:4
3363709:I:222:\n
3363712:I:223:    
3363914:I:227:/
3364087:I:228:/
3366972:I:229:t
3367055:I:230:h
3367222:I:231:r
3367345:I:232:o
3367448:I:233:w
3367548:I:234: 
3368481:I:235:e
3368701:I:236:x
3368852:I:237:c
3368998:I:238:e
3369109:I:239:p
3369216:I:240:t
3369314:I:241:i
3369400:I:242:o
3369580:I:243:n
5398483:I:340:(
5398862:I:341:)
5402048:I:350:}
