# SESSION_START Sa7d1b999 FILE:MulOperator.log PROJECT:Calculator
2194646:I:0:\n
2196042:I:0:p
2196219:I:1:u
2196342:I:2:b
2196455:I:3:l
2196626:I:4:i
2196749:I:5: 
2196757:I:6:c
2196916:I:7:c
2197038:I:8:l
2197265:D:8:1
2197425:D:7:1
2197591:D:6:1
2197752:D:5:1
2197833:I:5:c
2197875:I:6: 
2198005:I:7:c
2198111:I:8:l
2198216:I:9:a
2198294:I:10:s
2198426:I:11:s
2198536:I:12: 
2198771:I:13:M
2198949:I:14:u
2199173:I:15:l
2199459:I:16:O
2199554:I:17:p
2199655:I:18:e
2199742:I:19:r
2199899:I:20:a
2200040:I:21:t
2200162:I:22:o
2200267:I:23:r
2201132:I:24: 
2201298:I:25:e
2201504:I:26:x
2201683:I:27:t
2201776:I:28:e
2201937:I:29:n
2202016:I:30:d
2202142:I:31:s
2202187:I:32: 
2203200:I:33:O
2203252:I:34:p
2203412:I:35:e
2203478:I:36:r
2203663:I:37:a
2203807:I:38:t
2203969:I:39:o
2204072:I:40:r
2204737:I:41:{
2205038:I:42:\n
2205044:I:43:    
2205756:I:47:\n
2205762:I:48:    
2210624:I:52:/
2210817:I:53:/
2210986:D:53:1
2211178:D:52:1
2215871:I:52:@
2216208:I:53:O
2216379:I:54:v
2216553:I:55:e
2216810:I:56:r
2216987:I:57:r
2217275:I:58:d
2217365:I:59:i
2217596:D:59:1
2217771:D:58:1
2217855:I:58:i
2217943:I:59:d
2217999:I:60:e
2218610:I:61:\n
2218617:I:62:    
2218977:I:66:/
2219158:I:67:/
2219479:I:68:m
2219658:I:69:u
2219912:I:70:l
2220159:I:71:t
2220286:I:72:i
2220504:I:73:p
2220637:I:74:l
2220832:I:75:i
2220895:I:76:c
2221063:I:77:a
2221247:I:78:t
2221298:I:79:i
2221341:I:80:o
2221363:I:81:p
2221516:I:82:n
2221610:I:83: 
2221895:D:83:1
2222080:D:82:1
2222254:D:81:1
2222553:I:81:n
2222706:I:82: 
2222810:I:83:a
2222912:I:84:n
2222961:I:85:d
2223059:I:86: 
2223181:I:87:f
2223311:I:88:i
2223522:D:88:1
2223705:D:87:1
2223772:I:87:d
2223869:I:88:i
2223989:I:89:v
2224110:I:90:i
2224221:I:91:s
2224320:I:92:i
2224375:I:93:o
2224576:I:94:n
2224659:I:95: 
2224813:I:96:h
2224925:I:97:a
2225024:I:98:v
2225107:I:99:e
2225212:I:100: 
2225721:I:101:m
2225900:I:102:u
2228556:D:102:1
2228727:D:101:1
2229164:I:101:p
2229278:I:102:r
2229353:I:103:e
2229507:I:104:c
2229651:I:105:e
2229778:I:106:d
2229897:I:107:e
2230053:I:108:n
2230188:I:109:c
2230319:I:110:e
2230410:I:111: 
2230500:I:112:o
2230588:I:113:f
2230687:I:114: 
2230848:I:115:3
2231152:I:116:\n
2231157:I:117:        
2231636:D:124:1
2231790:D:123:1
2231956:D:122:1
2232115:D:121:1
2232275:D:120:1
2232432:D:119:1
2232599:D:118:1
2232763:D:117:1
2232969:D:116:1
2233335:D:115:1
2233428:I:115:2
2233717:I:116:\n
2233722:I:117:        
2233942:I:125:p
2234178:I:126:u
2234428:I:127:l
2234749:D:127:1
2234944:I:127:b
2235038:I:128:l
2235246:I:129:i
2235320:I:130:c
2235364:I:131: 
2235526:I:132:i
2235669:I:133:n
2235778:I:134:t
2235836:I:135: 
2236622:I:136:g
2236715:I:137:e
2236817:I:138:t
2237451:I:139:P
2237620:I:140:r
2237693:I:141:e
2237923:I:142:c
2238067:I:143:e
2238156:I:144:d
2238286:I:145:e
2238470:I:146:n
2238560:I:147:c
2238663:I:148:e
2238881:I:149:(
2239254:I:150:_
2239823:D:150:1
2240334:I:150:)
2240610:I:151:{
2240927:I:152:\n
2240932:I:153:        
2241340:I:161:}
2241347:D:157:4
2241751:I:158:\n
2241757:I:159:    
2242094:I:163:\n
2242099:I:164:    
2243027:I:168:/
2243168:I:169:/
2244908:I:170:m
2245005:I:171:e
2245100:I:172:t
2245188:I:173:h
2245305:I:174:o
2245402:I:175:d
2245496:I:176: 
2245631:I:177:t
2245708:I:178:o
2245775:I:179: 
2245906:I:180:e
2246099:I:181:v
2246302:I:182:a
2246416:I:183:l
2246632:I:184:u
2246718:I:185:a
2246910:I:186:t
2247012:I:187:e
2247044:I:188: 
2247181:I:189:t
2247268:I:190:h
2247333:I:191:e
2247391:I:192: 
2248143:I:193:p
2248879:D:193:1
2249797:I:193:m
2249962:I:194:u
2250248:I:195:l
2250442:I:196:t
2250592:I:197:i
2250873:I:198:p
2251322:I:199:l
2251604:I:200:i
2251716:I:201:c
2251934:I:202:a
2252162:I:203:t
2252344:I:204:i
2252431:I:205:o
2252712:I:206:n
2252901:I:207: 
2321426:I:208:o
2321529:I:209:f
2321612:I:210: 
2321738:I:211:t
2321815:I:212:h
2321912:I:213:e
2321979:I:214: 
2322847:I:215:e
2322980:I:216:n
2323063:I:217:t
2323363:D:217:1
2323900:I:217:n
2323988:I:218:t
2324076:I:219:e
2324188:I:220:r
2324286:I:221:e
2324536:D:221:1
2324711:D:220:1
2324886:D:219:1
2325055:D:218:1
2325231:D:217:1
2325479:I:217:t
2325568:I:218:e
2325700:I:219:r
2325811:I:220:e
2325949:I:221:d
2326094:I:222: 
2326238:I:223:i
2326464:I:224:n
2326634:I:225:p
2326789:I:226:u
2326910:I:227:t
2327003:I:228:s
2327152:I:229:\n
2327158:I:230:    
2328177:I:234:p
2328365:I:235:u
2328509:I:236:b
2328628:I:237:l
2328814:I:238:i
2328911:I:239:c
2328984:I:240: 
2330210:D:240:1
2330405:D:239:1
2330596:D:238:1
2330781:D:237:1
2330937:D:236:1
2331110:D:235:1
2331299:D:234:1
2332997:D:124:1
2333412:D:123:1
2333722:D:122:1
2334204:D:121:1
2335507:I:230:p
2335744:I:231:u
2335970:I:232:b
2336108:I:233:l
2336324:I:234:i
2336430:I:235:c
2336482:I:236: 
2338022:I:237:d
2338151:I:238:o
2338201:I:239:u
2338335:I:240:b
2338464:I:241:l
2338541:I:242:e
2338645:I:243: 
2339072:I:244:e
2339290:I:245:v
2339493:I:246:a
2339584:I:247:l
2339793:I:248:u
2339880:I:249:a
2340030:I:250:t
2340088:I:251:e
2340355:I:252:(
2340680:I:253:d
2340830:I:254:o
2340943:I:255:u
2341062:I:256:b
2341256:I:257:l
2341326:I:258:e
2341485:I:259: 
2341601:I:260:a
2341817:I:261:,
2341932:I:262: 
2342357:I:263:d
2342473:I:264:o
2342538:I:265:u
2342696:I:266:b
2342852:I:267:l
2342965:I:268:e
2343051:I:269: 
2343182:I:270:b
2343618:I:271:)
2343967:I:272:{
2344288:I:273:\n
2344294:I:274:        
2345700:I:282:r
2345751:I:283:e
2345881:I:284:t
2345965:I:285:u
2346111:I:286:r
2346215:I:287:n
2346337:I:288: 
2346434:I:289:a
2347434:I:290:*
2347779:I:291:b
2347973:I:292:;
2348609:I:293:\n
2348615:I:294:        
2348941:I:302:}
2348946:D:298:4
2349985:I:299:\n
2349990:I:300:    
2350455:I:304:}
2350460:D:300:4
2350945:I:301:\n
2461263:I:148:\n
2461274:I:149:        
2461610:I:157:r
2461789:I:158:e
2461975:I:159:t
2462145:I:160:u
2462318:I:161:r
2462406:I:162:n
2462546:I:163: 
2462671:I:164:2
2462861:I:165:;
