# SESSION_START S98eddb9a FILE:Operator.log PROJECT:Calculator
3356900:I:0:\n
3361785:I:0:p
3361975:I:1:u
3362100:I:2:b
3362216:I:3:l
3362403:I:4:i
3362484:I:5:c
3362587:I:6: 
3362759:I:7:a
3363052:I:8:b
3363144:I:9:s
3363334:I:10:t
3363498:I:11:r
3363530:I:12:a
3363760:I:13:c
3363954:I:14:t
3364615:I:15: 
3366377:I:16:c
3366520:I:17:l
3366630:I:18:a
3366746:I:19:s
3367069:I:20:s
3367242:I:21: 
3367460:I:22:P
3367534:I:23:o
3368131:D:23:1
3368346:I:23:O
3368415:I:24:p
3368539:I:25:e
3368807:D:25:1
3368984:D:24:1
3369153:D:23:1
3369324:D:22:1
3369562:I:22:O
3369842:I:23:p
3370050:I:24:e
3370356:I:25:r
3370509:I:26:a
3370682:I:27:t
3370744:I:28:o
3370880:I:29:r
3372425:I:30:)
3372937:D:30:1
3373532:I:30:{
3373755:I:31:\n
3373758:I:32:    
3377096:I:36:\n
3377108:I:37:    
3377363:I:41:/
3377560:I:42:/
3379955:D:42:1
3380695:I:42:*
3380820:I:43:*
3381050:I:44:\n
3381055:I:45:     * 
3382371:I:52:\n
3382376:I:53:     * 
3383838:I:59:/
3384658:I:52:T
3384802:I:53:h
3384877:I:54:i
3384993:I:55:s
3385227:I:56: 
3385439:I:57:m
3385523:I:58:e
3385658:I:59:t
3385716:I:60:h
3385869:I:61:o
3385980:I:62:d
3386051:I:63: 
3386150:I:64:w
3386282:I:65:i
3386301:I:66:o
3386487:I:67:l
3386658:I:68:l
3386805:D:68:1
3386981:D:67:1
3387133:D:66:1
3387196:I:66:l
3387377:I:67:l
3387532:I:68: 
3387649:I:69:r
3387716:I:70:e
3387846:I:71:t
3387963:I:72:u
3388117:I:73:r
3388192:I:74:n
3388309:I:75: 
3388503:I:76:t
3388606:I:77:h
3388667:I:78:e
3388736:I:79: 
3388851:I:80:p
3388932:I:81:r
3389029:I:82:e
3389224:I:83:c
3389385:I:84:e
3389529:I:85:d
3389737:I:86:e
3389904:I:87:n
3390084:I:88:c
3390183:I:89:e
3390219:I:90: 
3390327:I:91:o
3390415:I:92:f
3390513:I:93: 
3390615:I:94:t
3390687:I:95:h
3390763:I:96:e
3390837:I:97: 
3393039:I:98:o
3393095:I:99:p
3393184:I:100:e
3393260:I:101:r
3393428:I:102:a
3393560:I:103:t
3393658:I:104:o
3393784:I:105:r
3395575:I:115:\n
3395583:I:116:    
3397428:I:120:p
3397595:I:121:u
3397691:I:122:b
3397814:I:123:l
3398006:I:124:i
3398063:I:125:c
3398134:I:126: 
3398299:I:127:a
3398386:I:128:b
3398482:I:129:s
3398618:I:130:t
3398850:I:131:a
3399178:D:131:1
3399283:I:131:r
3399381:I:132:a
3399581:I:133:c
3399740:I:134:t
3399819:I:135: 
3399899:I:136:i
3400083:I:137:n
3400166:I:138:t
3400247:I:139: 
3401494:I:140:g
3401607:I:141:e
3401719:I:142:t
3402046:I:143:P
3402161:I:144:r
3402243:I:145:e
3402409:I:146:c
3402541:I:147:e
3402739:I:148:n
3403030:D:148:1
3403133:I:148:d
3403252:I:149:e
3403309:I:150:n
3403484:I:151:c
3403590:I:152:e
3403865:I:153:(
3404266:I:154:_
3404631:D:154:1
3404918:I:154:)
3405150:I:155:;
3406725:D:155:1
3407096:I:155:P
3407595:D:155:1
3409638:I:155:;
3410269:I:156:\n
3410274:I:157:    
3410486:I:161:\n
3410491:I:162:    
3417398:D:57:12
3417908:D:56:1
3418852:I:56: 
3420111:I:63:s
3420600:D:103:1
3420798:D:102:1
3420955:D:101:1
3421133:D:100:1
3421316:D:99:1
3421505:D:98:1
3421872:D:97:1
3422225:D:96:1
3424386:D:51:1
3424606:D:50:1
3424912:I:50:/
3425122:I:51:/
3426150:D:43:1
3426341:D:42:1
3426513:D:41:1
3427368:D:46:1
3429109:D:96:1
3429327:D:95:1
3429540:D:94:1
3429769:D:93:1
3430081:D:92:1
3430569:I:92:    
3432402:I:132:\n
3432408:I:133:    
3432589:I:137:\n
3432592:I:138:    
3434652:I:142:/
3434791:I:143:/
3434939:I:144:t
3435113:I:145:h
3435582:D:145:1
3435727:D:144:1
3435911:I:144:T
3436012:I:145:h
3436111:I:146:i
3436220:I:147:s
3436300:I:148: 
3436411:I:149:r
3436515:I:150:e
3436644:I:151:t
3436757:I:152:u
3436906:I:153:r
3437011:I:154:s
3437082:I:155:n
3437319:D:155:1
3437494:D:154:1
3437631:I:154:n
3437758:I:155:s
3437844:I:156: 
3438018:I:157:t
3438134:I:158:h
3438186:I:159:e
3438302:I:160: 
3440140:I:161:r
3440211:I:162:e
3440402:I:163:s
3440485:I:164:u
3440696:I:165:l
3440775:I:166:t
3440844:I:167: 
3440956:I:168:o
3441064:I:169:f
3441117:I:170: 
3441257:I:171:t
3441331:I:172:h
3441383:I:173:e
3441493:I:174: 
3442961:I:175:o
3443038:I:176:p
3443221:I:177:e
3443287:I:178:r
3443476:I:179:a
3443600:I:180:t
3443652:I:181:i
3443731:I:182:o
3443911:I:183:n
3444131:I:184:\n
3444137:I:185:    
3445655:I:189:p
3445841:I:190:u
3445950:I:191:b
3446069:I:192:l
3446257:I:193:i
3446345:I:194:c
3446393:I:195: 
3446575:I:196:a
3446672:I:197:b
3446782:I:198:s
3446935:I:199:t
3447105:I:200:r
3447219:I:201:a
3447420:I:202:c
3447588:I:203:t
3447670:I:204: 
3447829:I:205:d
3447916:I:206:o
3447971:I:207:u
3448104:I:208:b
3448228:I:209:l
3448341:I:210:e
3448413:I:211: 
3450661:I:212:e
3450820:I:213:v
3451067:I:214:a
3451098:I:215:l
3451332:I:216:u
3451494:I:217:a
3451734:I:218:t
3451798:I:219:e
3451900:I:220: 
3453437:D:220:1
3464555:I:220:(
3466333:I:221:d
3466452:I:222:o
3466534:I:223:u
3466681:I:224:b
3466801:I:225:l
3466949:I:226:e
3467115:I:227: 
3467263:I:228:a
3467566:I:229:,
3467714:I:230: 
3469803:I:231:d
3469914:I:232:p
3469959:I:233:u
3470481:D:233:1
3470851:D:232:1
3471058:I:232:o
3471140:I:233:u
3471255:I:234:b
3471403:I:235:l
3471547:I:236:e
3471691:I:237: 
3471926:I:238:b
3472500:I:239:)
3472792:I:240:'
3473165:D:240:1
3473362:I:240:;
3621363:I:241:\n
3621380:I:242:    
3621885:I:246:}
3621889:D:242:4
# SESSION_START Sa7d1b999 FILE:Operator.log PROJECT:Calculator
3594831:D:142:42
3594852:I:142:/
3595170:I:143:*
3595347:I:144:*
3595798:I:145:\n
3595804:I:146:     * 
3597364:I:153:\n
3597369:I:154:     * 
3597828:I:161:*
3598740:I:162:/
3599636:I:161:\n
3599643:I:162:     
3601661:I:152:`
4802865:D:152:1
4809415:D:142:27
4810136:I:142:/
4810286:I:143:/
4810467:I:144:t
4810649:I:145:h
4810782:I:146:i
4810907:I:147:s
4811022:I:148: 
4811139:I:149:m
4811208:I:150:e
4811391:I:151:t
4811459:I:152:h
4811613:I:153:o
4811744:I:154:d
4811822:I:155: 
4814141:I:156:e
4814342:I:157:v
4814546:I:158:a
4814614:I:159:l
4814825:I:160:u
4814882:I:161:a
4815092:I:162:t
4815143:I:163:e
4815365:I:164:s
4815485:I:165: 
4815591:I:166:t
4815706:I:167:h
4815716:I:168:e
4815837:I:169: 
4815980:I:170:o
4815990:I:171:p
4816065:I:172:e
4816177:I:173:r
4816309:I:174:a
4816460:I:175:t
4816539:I:176:o
4816641:I:177:r
4816749:I:178: 
4816898:I:179:u
4816948:I:180:s
4817059:I:181:i
4817180:I:182:n
4817241:I:183:g
4817357:I:184: 
4817469:I:185:t
4817568:I:186:h
4817592:I:187:e
4817724:I:188: 
4819980:I:189:t
4820317:D:189:1
4820434:I:189:t
4820565:I:190:w
4820699:I:191:o
4820787:I:192: 
4820976:I:193:o
4821134:I:194:p
4821248:I:195:e
4821339:I:196:r
4821481:I:197:a
4821596:I:198:n
4821697:I:199:d
4821790:I:200:s
4821928:I:201: 
4822061:I:202:g
4822200:I:203:i
4822306:I:204:v
4822465:I:205:e
4822549:I:206:b
4823875:D:206:1
4824081:I:206:n
