# SESSION_START Sa7d1b999 FILE:RightParenOperator.log PROJECT:Calculator
3378363:I:0:\n
3379899:I:0:p
3380091:I:1:u
3380200:I:2:b
3380315:I:3:l
3380503:I:4:i
3380595:I:5:c
3380628:I:6: 
3380776:I:7:c
3380880:I:8:l
3380953:I:9:a
3381088:I:10:s
3381248:I:11:s
3381323:I:12: 
3381498:I:13:R
3381569:I:14:i
3381719:I:15:g
3381836:I:16:h
3381925:I:17:t
3382492:I:18:P
3382561:I:19:a
3382756:I:20:r
3382832:I:21:e
3382922:I:22:n
3383196:I:23:O
3383298:I:24:p
3383327:I:25:e
3383445:I:26:r
3383631:I:27:a
3383802:I:28:t
3383913:I:29:o
3384035:I:30:r
3386767:I:31: 
3386856:I:32:e
3387053:I:33:x
3387241:I:34:t
3387354:I:35:e
3387565:I:36:n
3387632:I:37:d
3387721:I:38:s
3387785:I:39: 
3388029:I:40:O
3388123:I:41:p
3388258:I:42:e
3388412:I:43:r
3388597:I:44:a
3388857:I:45:t
3389030:I:46:o
3389104:I:47:r
3389593:I:48:{
3389812:I:49:\n
3389818:I:50:    
3390494:I:54:\n
3390500:I:55:    
3427389:I:59:p
3427595:I:60:u
3427826:D:60:1
3428026:D:59:1
3428286:I:59:p
3428483:I:60:u
3428612:I:61:b
3428764:I:62:l
3429753:I:63:i
3429869:I:64:c
3429925:I:65: 
3430131:I:66:i
3430243:I:67:n
3430388:I:68:t
3430458:I:69: 
3430635:I:70:e
3430725:I:71:g
3430976:D:71:1
3431165:D:70:1
3431219:I:70:g
3431312:I:71:e
3431429:I:72:t
3431712:I:73:p
3432050:D:73:1
3432298:I:73:P
3432442:I:74:r
3432515:I:75:e
3432725:I:76:c
3432836:I:77:e
3433009:I:78:d
3433137:I:79:e
3433340:I:80:n
3433451:I:81:c
3433557:I:82:e
3433815:I:83:(
3434161:I:84:_
3434197:I:85:)
3434619:D:85:1
3434869:D:84:1
3435131:I:84:)
3435483:I:85:{
3435933:I:86:\n
3435938:I:87:        
3436214:I:95:}
3436219:D:91:4
3437179:I:91:\n
3437182:I:92:    
3438060:I:91:/
3438406:I:92:/
3444285:I:93:i
3444509:I:94:g
3444690:I:95:n
3444938:I:96:o
3445019:I:97:r
3445109:I:98:e
3445301:I:99:d
3445420:I:100: 
3445591:I:101:u
3445811:I:102:n
3445899:I:103:t
3446015:I:104:i
3446264:I:105:l
3446466:I:106: 
3446615:I:107:i
3446697:I:108:t
3446804:I:109:s
3446888:I:110: 
3447044:I:111:p
3447269:I:112:u
3447399:I:113:s
3447479:I:114:h
3447647:I:115:e
3447723:I:116:d
3447787:I:117: 
3447943:I:118:f
3448129:I:119:r
3448233:I:120:o
3448379:I:121:m
3448485:I:122: 
3448595:I:123:t
3448718:I:124:h
3448739:I:125:e
3448876:I:126: 
3448973:I:127:s
3449112:I:128:t
3449254:I:129:a
3449457:I:130:c
3449538:I:131:k
3449750:I:132:\n
3449755:I:133:        
3450162:I:141:r
3450268:I:142:e
3450714:I:143:t
3450845:I:144:u
3450989:I:145:r
3451066:I:146:n
3451215:I:147: 
3451345:I:148:0
3451604:I:149:;
3452671:I:156:\n
3452678:I:157:    
3452885:I:161:\n
3452890:I:162:    
3455195:I:166:p
3455337:I:167:u
3455445:I:168:b
3455555:I:169:l
3455738:I:170:i
3455821:I:171:c
3455857:I:172: 
3456020:I:173:d
3456120:I:174:o
3456199:I:175:u
3456333:I:176:b
3456467:I:177:l
3456560:I:178:e
3456624:I:179: 
3456755:I:180:e
3457011:I:181:v
3457199:I:182:a
3457329:I:183:l
3457542:I:184:u
3457661:I:185:a
3457833:I:186:t
3457920:I:187:e
3458085:I:188:(
3458285:I:189:d
3458400:I:190:o
3458495:I:191:u
3458598:I:192:b
3458766:I:193:l
3458836:I:194:e
3459109:I:195: 
3459267:I:196:a
3459377:I:197:,
3459474:I:198: 
3459922:I:199:d
3460036:I:200:o
3460136:I:201:u
3460252:I:202:b
3460377:I:203:l
3460461:I:204:e
3460584:I:205: 
3460676:I:206:b
3461152:I:207:)
3461479:I:208:{
3461775:I:209:\n
3461780:I:210:        
3463300:I:218:t
3463384:I:219:h
3463565:I:220:e
3463669:I:221:o
3463935:D:221:1
3464091:D:220:1
3464187:I:220:r
3464288:I:221:o
3464428:I:222:w
3464568:I:223: 
3464763:I:224:n
3464841:I:225:e
3464928:I:226:w
3464985:I:227: 
3465230:I:228:U
3465331:I:229:n
3465509:I:230:s
3465739:I:231:i
3466285:D:231:1
3466474:I:231:u
3466685:I:232:p
3466844:I:233:p
3466915:I:234:o
3467042:I:235:r
3467165:I:236:t
3467293:I:237:e
3467440:I:238:d
3467665:I:239:O
3467805:I:240:p
3467887:I:241:e
3467975:I:242:r
3468131:I:243:a
3468273:I:244:t
3468340:I:245:i
3468409:I:246:o
3468567:I:247:n
3468754:I:248:E
3468935:I:249:x
3469136:I:250:v
3469272:I:251:e
3469392:I:252:p
3469480:I:253:t
3469595:I:254:i
3469801:D:254:1
3469982:D:253:1
3470146:D:252:1
3470328:D:251:1
3470740:I:251:c
3470833:D:251:1
3471033:D:250:1
3471135:I:250:c
3471223:I:251:e
3471345:I:252:p
3471514:I:253:t
3471599:I:254:i
3471693:I:255:o
3471856:I:256:n
3472093:I:257:;
3472532:I:258:\n
3472537:I:259:        
3472851:I:267:}
3472857:D:263:4
3473333:I:264:\n
3473339:I:265:    
3473613:I:269:}
3473618:D:265:4
3475356:I:161:\n
3475362:I:162:    
3475704:I:166:/
3475888:I:167:/
3478306:I:168:t
3478420:I:169:h
3478601:I:170:r
3478702:I:171:o
3478818:I:172:w
3478962:I:173: 
3479207:I:174:e
3479405:I:175:x
3479555:I:176:c
3479688:I:177:e
3479820:I:178:p
3479949:I:179:t
3480042:I:180:i
3480182:I:181:o
3480515:I:182:n
5405535:I:279:(
5405887:I:280:)
11535908:I:149:x
11614331:D:149:1
