# SESSION_START Sa7d1b999 FILE:SubOperator.log PROJECT:Calculator
1952644:I:0:\n
1955116:I:0:/
1955282:I:1:/
1955443:I:2:t
1955567:I:3:h
1955663:I:4:i
1955785:I:5:s
1955901:I:6: 
1957615:I:7:c
1957761:I:8:l
1957845:I:9:a
1957941:I:10:s
1958084:I:11:s
1958248:I:12: 
1958518:D:12:1
1958695:D:11:1
1958871:D:10:1
1959023:D:9:1
1959198:D:8:1
1959351:D:7:1
1959438:I:7:f
1959502:I:8:i
1959724:I:9:l
1959889:I:10:l
1960202:D:10:1
1960414:I:10:e
1965777:D:10:1
1966279:D:9:1
1966361:D:8:1
1966445:D:7:1
1966531:D:6:1
1966615:D:5:1
1966697:D:4:1
1966783:D:3:1
1966864:D:2:1
1966950:D:1:1
1967034:I:1:p
1967171:I:2:u
1968189:D:2:1
1968345:D:1:1
1968509:D:0:1
1968881:I:0:p
1969130:I:1:u
1969273:I:2:b
1969390:I:3:l
1969571:I:4:i
1969665:I:5:c
1969737:I:6: 
1969866:I:7:c
1970005:I:8:l
1970108:I:9:a
1970387:I:10:s
1970575:I:11:s
1970776:I:12: 
1971392:I:13:S
1971553:I:14:u
1971761:I:15:b
1972043:I:16:O
1972122:I:17:p
1972243:I:18:e
1972327:I:19:r
1972624:I:20:t
1972940:D:20:1
1973032:I:20:a
1973206:I:21:t
1973303:I:22:o
1973430:I:23:r
1973547:I:24: 
1973690:I:25:e
1974056:I:26:x
1974301:I:27:t
1974390:I:28:e
1974552:I:29:n
1974646:I:30:d
1974726:I:31:s
1974844:I:32: 
1975310:I:33:O
1975375:I:34:P
1975492:I:35:e
1975572:I:36:r
1975768:I:37:a
1976054:D:37:1
1976215:D:36:1
1976385:D:35:1
1976552:D:34:1
1976714:I:34:p
1976828:I:35:e
1976980:I:36:r
1977082:I:37:a
1977271:I:38:t
1977382:I:39:o
1977500:I:40:r
1978088:I:41:{
1978310:I:42:\n
1978315:I:43:    
1978908:I:47:\n
1978913:I:48:    
1983255:I:52:@
1983766:I:53:O
1983924:I:54:v
1984196:I:55:e
1984380:I:56:r
1984568:I:57:r
1984740:I:58:i
1984825:I:59:d
1984899:I:60:e
1985116:I:61:\n
1985121:I:62:    
1987532:I:66:p
1987754:I:67:u
1987871:I:68:b
1987983:I:69:l
1988163:I:70:i
1988304:I:71:c
1988322:I:72: 
1990813:I:73:i
1990959:I:74:n
1991072:I:75:t
1991171:I:76: 
1991304:I:77:g
1991371:I:78:e
1991526:I:79:t
1991907:I:80:P
1992055:I:81:r
1992117:I:82:e
1992300:I:83:c
1992497:I:84:e
1992633:I:85:d
1992761:I:86:e
1992959:I:87:n
1993058:I:88:c
1993161:I:89:e
1993545:I:90:(
1994004:I:91:)
1994773:I:92:{
1995083:I:93:\n
1995089:I:94:        
1995565:I:102:}
1995573:D:98:4
2000744:I:93:\n
2000755:I:94:        
2000958:I:102:r
2001011:I:103:e
2001132:I:104:t
2001245:I:105:u
2001431:I:106:r
2001525:I:107:n
2001749:I:108: 
2001849:I:109:1
2002131:I:110:;
2004633:I:61:\n
2004636:I:62:    
2004942:I:66:/
2005094:I:67:/
2005202:I:68:a
2005380:I:69:d
2005575:I:70:e
2005604:I:71:i
2005961:D:71:1
2006132:D:70:1
2006256:I:70:d
2006364:I:71:i
2006500:I:72:t
2006592:I:73:i
2006670:I:74:o
2006853:I:75:n
2006996:I:76: 
2007059:I:77:a
2007201:I:78:n
2007269:I:79:d
2007338:I:80: 
2007449:I:81:s
2007530:I:82:u
2007651:I:83:b
2007764:I:84:t
2007921:I:85:r
2008042:I:86:a
2008199:I:87:c
2008397:I:88:t
2008436:I:89:i
2008526:I:90:o
2008707:I:91:n
2008800:I:92: 
2008962:I:93:h
2009066:I:94:a
2009194:I:95:v
2009292:I:96:e
2009371:I:97: 
2009553:I:98:p
2009646:I:99:r
2009716:I:100:e
2009876:I:101:c
2009982:I:102:e
2010103:I:103:d
2010282:I:104:e
2010473:I:105:n
2010690:I:106:c
2010738:I:107:e
2010820:I:108: 
2011009:I:109:1
2029215:I:166:\n
2029222:I:167:    
2030611:I:171:\n
2030617:I:172:    
2030866:I:176:/
2031032:I:177:/
2112386:I:178:e
2112557:I:179:v
2112750:I:180:a
2112902:I:181:l
2113114:I:182:u
2113239:I:183:a
2113404:I:184:t
2113496:I:185:e
2113566:I:186: 
2113807:I:187:m
2113871:I:188:e
2114003:I:189:t
2114065:I:190:h
2114211:I:191:o
2114306:I:192:d
2114403:I:193: 
2114694:I:194:o
2114968:D:194:1
2115112:I:194:f
2115190:I:195:o
2115279:I:196:r
2115362:I:197: 
2115436:I:198:s
2115569:I:199:u
2115757:I:200:b
2115796:I:201:t
2115968:I:202:r
2116050:I:203:a
2116251:I:204:c
2116439:I:205:t
2116585:I:206:i
2116666:I:207:n
2116767:I:208:g
2116979:I:209:\n
2116984:I:210:    
2117282:I:214:p
2117464:I:215:u
2117607:I:216:b
2117734:I:217:l
2117931:I:218:i
2118014:I:219:c
2118069:I:220: 
2118258:I:221:i
2118366:I:222:n
2118605:I:223:t
2121906:D:223:1
2122101:D:222:1
2122267:D:221:1
2122404:I:221:d
2122510:I:222:o
2122629:I:223:u
2122685:I:224:b
2122853:I:225:l
2122937:I:226:e
2123017:I:227: 
2123124:I:228:e
2123503:I:229:v
2123727:I:230:a
2123799:I:231:l
2123996:I:232:u
2124110:I:233:a
2124306:I:234:t
2124362:I:235:e
2124740:I:236:(
2128252:I:237:d
2129016:I:238:o
2129098:I:239:u
2129247:I:240:b
2129487:I:241:e
2129640:I:242: 
2129777:I:243:a
2129867:I:244:,
2129950:I:245: 
2130720:I:246:d
2130833:I:247:o
2130917:I:248:y
2131024:I:249:b
2131189:I:250:l
2131295:I:251:e
2131352:I:252: 
2131530:I:253:b
2131667:D:253:1
2131823:D:252:1
2131970:D:251:1
2132151:D:250:1
2132316:D:249:1
2132463:D:248:1
2132835:I:248:u
2132950:I:249:b
2133091:I:250:l
2133188:I:251:e
2133458:I:252: 
2133653:I:253:b
2177200:I:254:)
2177598:I:255:{
2178168:I:256:\n
2178174:I:257:        
2182080:I:265:r
2182130:I:266:e
2182268:I:267:t
2182360:I:268:u
2182493:I:269:r
2182566:I:270:n
2182685:I:271: 
2182778:I:272:a
2183494:I:273:-
2183714:I:274:b
2183913:I:275:;
2184367:I:276:\n
2184372:I:277:        
2185073:I:285:}
2185078:D:281:4
2186232:I:282:\n
2186237:I:283:    
2186617:I:287:}
2186622:D:283:4
5521408:I:241:l
